<?xml version="1.0" encoding="UTF-8"?>
<testng-results ignored="0" total="0" passed="0" failed="0" skipped="0">
  <reporter-output>
  </reporter-output>
  <suite started-at="2021-06-17T17:28:23Z" name="runner.TestRunner" finished-at="2021-06-17T17:28:23Z" duration-ms="279">
    <groups>
      <group name="cucumber">
        <method signature="AbstractTestNGCucumberTests.runScenario(io.cucumber.testng.PickleWrapper, io.cucumber.testng.FeatureWrapper)[pri:0, instance:runner.TestRunner@6572421]" name="runScenario" class="io.cucumber.testng.AbstractTestNGCucumberTests"/>
      </group> <!-- cucumber -->
    </groups>
    <test started-at="2021-06-17T17:28:23Z" name="Command line test" finished-at="2021-06-17T17:28:23Z" duration-ms="279">
      <class name="runner.TestRunner">
        <test-method is-config="true" signature="setUpClass()[pri:0, instance:runner.TestRunner@6572421]" started-at="2021-06-17T17:28:23Z" name="setUpClass" finished-at="2021-06-17T17:28:23Z" duration-ms="252" status="PASS">
          <reporter-output>
          </reporter-output>
        </test-method> <!-- setUpClass -->
        <test-method is-config="true" signature="tearDownClass()[pri:0, instance:runner.TestRunner@6572421]" started-at="2021-06-17T17:28:23Z" name="tearDownClass" finished-at="2021-06-17T17:28:23Z" duration-ms="9" status="PASS">
          <reporter-output>
          </reporter-output>
        </test-method> <!-- tearDownClass -->
      </class> <!-- runner.TestRunner -->
    </test> <!-- Command line test -->
  </suite> <!-- runner.TestRunner -->
</testng-results>
